<?xml version="1.0" encoding="UTF-8"?>
<testng-results skipped="0" failed="0" ignored="0" total="1" passed="1">
  <reporter-output>
  </reporter-output>
  <suite name="All Test Suite" duration-ms="34771" started-at="2021-02-03T11:04:15 IST" finished-at="2021-02-03T11:04:50 IST">
    <groups>
    </groups>
    <test name="Flipkart Purchase flow" duration-ms="34771" started-at="2021-02-03T11:04:15 IST" finished-at="2021-02-03T11:04:50 IST">
      <class name="webAutomation.testCases.PurchaseFlow">
        <test-method status="PASS" signature="initialize()[pri:0, instance:webAutomation.testCases.PurchaseFlow@1500b2f3]" name="initialize" is-config="true" duration-ms="1885" started-at="2021-02-03T11:04:15 IST" finished-at="2021-02-03T11:04:17 IST">
          <reporter-output>
          </reporter-output>
        </test-method> <!-- initialize -->
        <test-method status="PASS" signature="orderFlow()[pri:0, instance:webAutomation.testCases.PurchaseFlow@1500b2f3]" name="orderFlow" duration-ms="32760" started-at="2021-02-03T11:04:17 IST" finished-at="2021-02-03T11:04:49 IST">
          <reporter-output>
          </reporter-output>
        </test-method> <!-- orderFlow -->
        <test-method status="PASS" signature="tearDown()[pri:0, instance:webAutomation.testCases.PurchaseFlow@1500b2f3]" name="tearDown" is-config="true" duration-ms="59" started-at="2021-02-03T11:04:49 IST" finished-at="2021-02-03T11:04:50 IST">
          <reporter-output>
          </reporter-output>
        </test-method> <!-- tearDown -->
      </class> <!-- webAutomation.testCases.PurchaseFlow -->
    </test> <!-- Flipkart Purchase flow -->
  </suite> <!-- All Test Suite -->
</testng-results>
